[debug] [2023-06-22T22:51:37.933Z] ----------------------------------------------------------------------
[debug] [2023-06-22T22:51:37.935Z] Command:       C:\Program Files\nodejs\node.exe C:\Program Files\nodejs\node_modules\firebase-tools\lib\bin\firebase.js init
[debug] [2023-06-22T22:51:37.936Z] CLI Version:   12.4.0
[debug] [2023-06-22T22:51:37.936Z] Platform:      win32
[debug] [2023-06-22T22:51:37.937Z] Node Version:  v18.16.0
[debug] [2023-06-22T22:51:37.938Z] Time:          Fri Jun 23 2023 01:51:37 GMT+0300 (Eastern European Summer Time)
[debug] [2023-06-22T22:51:37.938Z] ----------------------------------------------------------------------
[debug] 
[debug] [2023-06-22T22:51:38.118Z] > command requires scopes: ["email","openid","https://www.googleapis.com/auth/cloudplatformprojects.readonly","https://www.googleapis.com/auth/firebase","https://www.googleapis.com/auth/cloud-platform"]
[debug] [2023-06-22T22:51:38.120Z] > authorizing via signed-in user (ratulcvasu@gmail.com)
[info] 
     ######## #### ########  ######## ########     ###     ######  ########
     ##        ##  ##     ## ##       ##     ##  ##   ##  ##       ##
     ######    ##  ########  ######   ########  #########  ######  ######
     ##        ##  ##    ##  ##       ##     ## ##     ##       ## ##
     ##       #### ##     ## ######## ########  ##     ##  ######  ########

You're about to initialize a Firebase project in this directory:

  C:\Users\ratul\Desktop\projects\car-finder-client

Before we get started, keep in mind:

  * You are initializing within an existing Firebase project directory

[info] 
=== Project Setup
[info] 
[info] First, let's associate this project directory with a Firebase project.
[info] You can create multiple project aliases by running firebase use --add, 
[info] but for now we'll just set up a default project.
[info] 
[debug] [2023-06-22T22:51:46.396Z] Using project from CLI flag: car-finder-54e54
[debug] [2023-06-22T22:51:46.398Z] > refreshing access token with scopes: []
[debug] [2023-06-22T22:51:46.400Z] >>> [apiv2][query] POST https://www.googleapis.com/oauth2/v3/token [none]
[debug] [2023-06-22T22:51:46.400Z] >>> [apiv2][body] POST https://www.googleapis.com/oauth2/v3/token [omitted]
[debug] [2023-06-22T22:51:46.561Z] <<< [apiv2][status] POST https://www.googleapis.com/oauth2/v3/token 400
[debug] [2023-06-22T22:51:46.562Z] <<< [apiv2][body] POST https://www.googleapis.com/oauth2/v3/token [omitted]
[debug] [2023-06-22T22:51:46.563Z] >>> [apiv2][query] GET https://firebase.googleapis.com/v1beta1/projects/car-finder-54e54 [none]
[debug] [2023-06-22T22:51:46.612Z] <<< [apiv2][status] GET https://firebase.googleapis.com/v1beta1/projects/car-finder-54e54 401
[debug] [2023-06-22T22:51:46.612Z] <<< [apiv2][body] GET https://firebase.googleapis.com/v1beta1/projects/car-finder-54e54 {"error":{"code":401,"message":"Request had invalid authentication credentials. Expected OAuth 2 access token, login cookie or other valid authentication credential. See https://developers.google.com/identity/sign-in/web/devconsole-project.","status":"UNAUTHENTICATED"}}
[debug] [2023-06-22T22:51:46.613Z] HTTP Error: 401, Request had invalid authentication credentials. Expected OAuth 2 access token, login cookie or other valid authentication credential. See https://developers.google.com/identity/sign-in/web/devconsole-project.
[debug] [2023-06-22T22:51:46.658Z] FirebaseError: HTTP Error: 401, Request had invalid authentication credentials. Expected OAuth 2 access token, login cookie or other valid authentication credential. See https://developers.google.com/identity/sign-in/web/devconsole-project.
    at responseToError (C:\Users\ratul\AppData\Roaming\nvm\v18.16.0\node_modules\firebase-tools\lib\responseToError.js:49:12)
    at RetryOperation._fn (C:\Users\ratul\AppData\Roaming\nvm\v18.16.0\node_modules\firebase-tools\lib\apiv2.js:288:77)
    at process.processTicksAndRejections (node:internal/process/task_queues:95:5)
[error] 
[error] Error: Failed to get Firebase project car-finder-54e54. Please make sure the project exists and your account has permission to access it.
